Analysis & Synthesis report for Counter
Wed Oct 30 14:15:46 2019
Quartus Prime Version 18.1.1 Build 646 04/11/2019 SJ Lite Edition


---------------------
; Table of Contents ;
---------------------
  1. Legal Notice
  2. Analysis & Synthesis Summary
  3. Analysis & Synthesis Settings
  4. Parallel Compilation
  5. Analysis & Synthesis Source Files Read
  6. Analysis & Synthesis Resource Usage Summary
  7. Analysis & Synthesis Resource Utilization by Entity
  8. Logic Cells Representing Combinational Loops
  9. General Register Statistics
 10. Parameter Settings for User Entity Instance: clockDivider:inst14|lpm_counter:LPM_COUNTER_component
 11. Post-Synthesis Netlist Statistics for Top Partition
 12. Elapsed Time Per Partition
 13. Analysis & Synthesis Messages



----------------
; Legal Notice ;
----------------
Copyright (C) 2019  Intel Corporation. All rights reserved.
Your use of Intel Corporation's design tools, logic functions 
and other software and tools, and any partner logic 
functions, and any output files from any of the foregoing 
(including device programming or simulation files), and any 
associated documentation or information are expressly subject 
to the terms and conditions of the Intel Program License 
Subscription Agreement, the Intel Quartus Prime License Agreement,
the Intel FPGA IP License Agreement, or other applicable license
agreement, including, without limitation, that your use is for
the sole purpose of programming logic devices manufactured by
Intel and sold by Intel or its authorized distributors.  Please
refer to the applicable agreement for further details, at
https://fpgasoftware.intel.com/eula.



+----------------------------------------------------------------------------------+
; Analysis & Synthesis Summary                                                     ;
+------------------------------------+---------------------------------------------+
; Analysis & Synthesis Status        ; Successful - Wed Oct 30 14:15:46 2019       ;
; Quartus Prime Version              ; 18.1.1 Build 646 04/11/2019 SJ Lite Edition ;
; Revision Name                      ; Counter                                     ;
; Top-level Entity Name              ; counter1                                    ;
; Family                             ; MAX 10                                      ;
; Total logic elements               ; 45                                          ;
;     Total combinational functions  ; 45                                          ;
;     Dedicated logic registers      ; 26                                          ;
; Total registers                    ; 26                                          ;
; Total pins                         ; 9                                           ;
; Total virtual pins                 ; 0                                           ;
; Total memory bits                  ; 0                                           ;
; Embedded Multiplier 9-bit elements ; 0                                           ;
; Total PLLs                         ; 0                                           ;
; UFM blocks                         ; 0                                           ;
; ADC blocks                         ; 0                                           ;
+------------------------------------+---------------------------------------------+


+------------------------------------------------------------------------------------------------------------+
; Analysis & Synthesis Settings                                                                              ;
+------------------------------------------------------------------+--------------------+--------------------+
; Option                                                           ; Setting            ; Default Value      ;
+------------------------------------------------------------------+--------------------+--------------------+
; Device                                                           ; 10M50DAF484C7G     ;                    ;
; Top-level entity name                                            ; counter1           ; Counter            ;
; Family name                                                      ; MAX 10             ; Cyclone V          ;
; Use smart compilation                                            ; Off                ; Off                ;
; Enable parallel Assembler and Timing Analyzer during compilation ; On                 ; On                 ;
; Enable compact report table                                      ; Off                ; Off                ;
; Restructure Multiplexers                                         ; Auto               ; Auto               ;
; Create Debugging Nodes for IP Cores                              ; Off                ; Off                ;
; Preserve fewer node names                                        ; On                 ; On                 ;
; Intel FPGA IP Evaluation Mode                                    ; Enable             ; Enable             ;
; Verilog Version                                                  ; Verilog_2001       ; Verilog_2001       ;
; VHDL Version                                                     ; VHDL_1993          ; VHDL_1993          ;
; State Machine Processing                                         ; Auto               ; Auto               ;
; Safe State Machine                                               ; Off                ; Off                ;
; Extract Verilog State Machines                                   ; On                 ; On                 ;
; Extract VHDL State Machines                                      ; On                 ; On                 ;
; Ignore Verilog initial constructs                                ; Off                ; Off                ;
; Iteration limit for constant Verilog loops                       ; 5000               ; 5000               ;
; Iteration limit for non-constant Verilog loops                   ; 250                ; 250                ;
; Add Pass-Through Logic to Inferred RAMs                          ; On                 ; On                 ;
; Infer RAMs from Raw Logic                                        ; On                 ; On                 ;
; Parallel Synthesis                                               ; On                 ; On                 ;
; DSP Block Balancing                                              ; Auto               ; Auto               ;
; NOT Gate Push-Back                                               ; On                 ; On                 ;
; Power-Up Don't Care                                              ; On                 ; On                 ;
; Remove Redundant Logic Cells                                     ; Off                ; Off                ;
; Remove Duplicate Registers                                       ; On                 ; On                 ;
; Ignore CARRY Buffers                                             ; Off                ; Off                ;
; Ignore CASCADE Buffers                                           ; Off                ; Off                ;
; Ignore GLOBAL Buffers                                            ; Off                ; Off                ;
; Ignore ROW GLOBAL Buffers                                        ; Off                ; Off                ;
; Ignore LCELL Buffers                                             ; Off                ; Off                ;
; Ignore SOFT Buffers                                              ; On                 ; On                 ;
; Limit AHDL Integers to 32 Bits                                   ; Off                ; Off                ;
; Optimization Technique                                           ; Balanced           ; Balanced           ;
; Carry Chain Length                                               ; 70                 ; 70                 ;
; Auto Carry Chains                                                ; On                 ; On                 ;
; Auto Open-Drain Pins                                             ; On                 ; On                 ;
; Perform WYSIWYG Primitive Resynthesis                            ; Off                ; Off                ;
; Auto ROM Replacement                                             ; On                 ; On                 ;
; Auto RAM Replacement                                             ; On                 ; On                 ;
; Auto DSP Block Replacement                                       ; On                 ; On                 ;
; Auto Shift Register Replacement                                  ; Auto               ; Auto               ;
; Allow Shift Register Merging across Hierarchies                  ; Auto               ; Auto               ;
; Auto Clock Enable Replacement                                    ; On                 ; On                 ;
; Strict RAM Replacement                                           ; Off                ; Off                ;
; Allow Synchronous Control Signals                                ; On                 ; On                 ;
; Force Use of Synchronous Clear Signals                           ; Off                ; Off                ;
; Auto RAM Block Balancing                                         ; On                 ; On                 ;
; Auto RAM to Logic Cell Conversion                                ; Off                ; Off                ;
; Auto Resource Sharing                                            ; Off                ; Off                ;
; Allow Any RAM Size For Recognition                               ; Off                ; Off                ;
; Allow Any ROM Size For Recognition                               ; Off                ; Off                ;
; Allow Any Shift Register Size For Recognition                    ; Off                ; Off                ;
; Use LogicLock Constraints during Resource Balancing              ; On                 ; On                 ;
; Ignore translate_off and synthesis_off directives                ; Off                ; Off                ;
; Timing-Driven Synthesis                                          ; On                 ; On                 ;
; Report Parameter Settings                                        ; On                 ; On                 ;
; Report Source Assignments                                        ; On                 ; On                 ;
; Report Connectivity Checks                                       ; On                 ; On                 ;
; Ignore Maximum Fan-Out Assignments                               ; Off                ; Off                ;
; Synchronization Register Chain Length                            ; 2                  ; 2                  ;
; Power Optimization During Synthesis                              ; Normal compilation ; Normal compilation ;
; HDL message level                                                ; Level2             ; Level2             ;
; Suppress Register Optimization Related Messages                  ; Off                ; Off                ;
; Number of Removed Registers Reported in Synthesis Report         ; 5000               ; 5000               ;
; Number of Swept Nodes Reported in Synthesis Report               ; 5000               ; 5000               ;
; Number of Inverted Registers Reported in Synthesis Report        ; 100                ; 100                ;
; Clock MUX Protection                                             ; On                 ; On                 ;
; Auto Gated Clock Conversion                                      ; Off                ; Off                ;
; Block Design Naming                                              ; Auto               ; Auto               ;
; SDC constraint protection                                        ; Off                ; Off                ;
; Synthesis Effort                                                 ; Auto               ; Auto               ;
; Shift Register Replacement - Allow Asynchronous Clear Signal     ; On                 ; On                 ;
; Pre-Mapping Resynthesis Optimization                             ; Off                ; Off                ;
; Analysis & Synthesis Message Level                               ; Medium             ; Medium             ;
; Disable Register Merging Across Hierarchies                      ; Auto               ; Auto               ;
; Resource Aware Inference For Block RAM                           ; On                 ; On                 ;
+------------------------------------------------------------------+--------------------+--------------------+


+------------------------------------------+
; Parallel Compilation                     ;
+----------------------------+-------------+
; Processors                 ; Number      ;
+----------------------------+-------------+
; Number detected on machine ; 16          ;
; Maximum allowed            ; 8           ;
;                            ;             ;
; Average used               ; 1.00        ;
; Maximum used               ; 8           ;
;                            ;             ;
; Usage by Processor         ; % Time Used ;
;     Processor 1            ; 100.0%      ;
;     Processors 2-8         ;   0.0%      ;
+----------------------------+-------------+


+--------------------------------------------------------------------------------------------------------------------------------------------------------------------------------------+
; Analysis & Synthesis Source Files Read                                                                                                                                               ;
+----------------------------------+-----------------+------------------------------------------+----------------------------------------------------------------------------+---------+
; File Name with User-Entered Path ; Used in Netlist ; File Type                                ; File Name with Absolute Path                                               ; Library ;
+----------------------------------+-----------------+------------------------------------------+----------------------------------------------------------------------------+---------+
; clockDivider.v                   ; yes             ; User Wizard-Generated File               ; /cs/student/ug/2019/huiyxiao/Desktop/Counter/clockDivider.v                ;         ;
; kmapcounter.bdf                  ; yes             ; User Block Diagram/Schematic File        ; /cs/student/ug/2019/huiyxiao/Desktop/Counter/kmapcounter.bdf               ;         ;
; counter1.bdf                     ; yes             ; User Block Diagram/Schematic File        ; /cs/student/ug/2019/huiyxiao/Desktop/Counter/counter1.bdf                  ;         ;
; DLatch1.bdf                      ; yes             ; User Block Diagram/Schematic File        ; /cs/student/ug/2019/huiyxiao/Desktop/Counter/DLatch1.bdf                   ;         ;
; D_Latch_Fl.bdf                   ; yes             ; User Block Diagram/Schematic File        ; /cs/student/ug/2019/huiyxiao/Desktop/Counter/D_Latch_Fl.bdf                ;         ;
; Segment.bdf                      ; yes             ; Auto-Found Block Diagram/Schematic File  ; /cs/student/ug/2019/huiyxiao/Desktop/Counter/Segment.bdf                   ;         ;
; zero.bdf                         ; yes             ; Auto-Found Block Diagram/Schematic File  ; /cs/student/ug/2019/huiyxiao/Desktop/Counter/zero.bdf                      ;         ;
; one.bdf                          ; yes             ; Auto-Found Block Diagram/Schematic File  ; /cs/student/ug/2019/huiyxiao/Desktop/Counter/one.bdf                       ;         ;
; two.bdf                          ; yes             ; Auto-Found Block Diagram/Schematic File  ; /cs/student/ug/2019/huiyxiao/Desktop/Counter/two.bdf                       ;         ;
; three.bdf                        ; yes             ; Auto-Found Block Diagram/Schematic File  ; /cs/student/ug/2019/huiyxiao/Desktop/Counter/three.bdf                     ;         ;
; four.bdf                         ; yes             ; Auto-Found Block Diagram/Schematic File  ; /cs/student/ug/2019/huiyxiao/Desktop/Counter/four.bdf                      ;         ;
; five.bdf                         ; yes             ; Auto-Found Block Diagram/Schematic File  ; /cs/student/ug/2019/huiyxiao/Desktop/Counter/five.bdf                      ;         ;
; six.bdf                          ; yes             ; Auto-Found Block Diagram/Schematic File  ; /cs/student/ug/2019/huiyxiao/Desktop/Counter/six.bdf                       ;         ;
; lpm_counter.tdf                  ; yes             ; Megafunction                             ; /usr/local/Quartus/quartus/libraries/megafunctions/lpm_counter.tdf         ;         ;
; lpm_constant.inc                 ; yes             ; Megafunction                             ; /usr/local/Quartus/quartus/libraries/megafunctions/lpm_constant.inc        ;         ;
; lpm_decode.inc                   ; yes             ; Megafunction                             ; /usr/local/Quartus/quartus/libraries/megafunctions/lpm_decode.inc          ;         ;
; lpm_add_sub.inc                  ; yes             ; Megafunction                             ; /usr/local/Quartus/quartus/libraries/megafunctions/lpm_add_sub.inc         ;         ;
; cmpconst.inc                     ; yes             ; Megafunction                             ; /usr/local/Quartus/quartus/libraries/megafunctions/cmpconst.inc            ;         ;
; lpm_compare.inc                  ; yes             ; Megafunction                             ; /usr/local/Quartus/quartus/libraries/megafunctions/lpm_compare.inc         ;         ;
; lpm_counter.inc                  ; yes             ; Megafunction                             ; /usr/local/Quartus/quartus/libraries/megafunctions/lpm_counter.inc         ;         ;
; dffeea.inc                       ; yes             ; Megafunction                             ; /usr/local/Quartus/quartus/libraries/megafunctions/dffeea.inc              ;         ;
; alt_counter_stratix.inc          ; yes             ; Megafunction                             ; /usr/local/Quartus/quartus/libraries/megafunctions/alt_counter_stratix.inc ;         ;
; aglobal181.inc                   ; yes             ; Megafunction                             ; /usr/local/Quartus/quartus/libraries/megafunctions/aglobal181.inc          ;         ;
; db/cntr_k5h.tdf                  ; yes             ; Auto-Generated Megafunction              ; /cs/student/ug/2019/huiyxiao/Desktop/Counter/db/cntr_k5h.tdf               ;         ;
+----------------------------------+-----------------+------------------------------------------+----------------------------------------------------------------------------+---------+


+------------------------------------------------------------+
; Analysis & Synthesis Resource Usage Summary                ;
+---------------------------------------------+--------------+
; Resource                                    ; Usage        ;
+---------------------------------------------+--------------+
; Estimated Total logic elements              ; 45           ;
;                                             ;              ;
; Total combinational functions               ; 45           ;
; Logic element usage by number of LUT inputs ;              ;
;     -- 4 input functions                    ; 14           ;
;     -- 3 input functions                    ; 5            ;
;     -- <=2 input functions                  ; 26           ;
;                                             ;              ;
; Logic elements by mode                      ;              ;
;     -- normal mode                          ; 20           ;
;     -- arithmetic mode                      ; 25           ;
;                                             ;              ;
; Total registers                             ; 26           ;
;     -- Dedicated logic registers            ; 26           ;
;     -- I/O registers                        ; 0            ;
;                                             ;              ;
; I/O pins                                    ; 9            ;
;                                             ;              ;
; Embedded Multiplier 9-bit elements          ; 0            ;
;                                             ;              ;
; Maximum fan-out node                        ; CLK_IN~input ;
; Maximum fan-out                             ; 26           ;
; Total fan-out                               ; 190          ;
; Average fan-out                             ; 2.13         ;
+---------------------------------------------+--------------+


+------------------------------------------------------------------------------------------------------------------------------------------------------------------------------------------------------------------------------------------------------------------------------------------------------------------------+
; Analysis & Synthesis Resource Utilization by Entity                                                                                                                                                                                                                                                                    ;
+-------------------------------------------+---------------------+---------------------------+-------------+------------+--------------+---------+-----------+------+--------------+------------+-----------------------------------------------------------------------------------------+--------------+--------------+
; Compilation Hierarchy Node                ; Combinational ALUTs ; Dedicated Logic Registers ; Memory Bits ; UFM Blocks ; DSP Elements ; DSP 9x9 ; DSP 18x18 ; Pins ; Virtual Pins ; ADC blocks ; Full Hierarchy Name                                                                     ; Entity Name  ; Library Name ;
+-------------------------------------------+---------------------+---------------------------+-------------+------------+--------------+---------+-----------+------+--------------+------------+-----------------------------------------------------------------------------------------+--------------+--------------+
; |counter1                                 ; 45 (0)              ; 26 (0)                    ; 0           ; 0          ; 0            ; 0       ; 0         ; 9    ; 0            ; 0          ; |counter1                                                                               ; counter1     ; work         ;
;    |D_Latch_Fl:inst10|                    ; 3 (0)               ; 0 (0)                     ; 0           ; 0          ; 0            ; 0       ; 0         ; 0    ; 0            ; 0          ; |counter1|D_Latch_Fl:inst10                                                             ; D_Latch_Fl   ; work         ;
;       |DLatch1:inst1|                     ; 1 (1)               ; 0 (0)                     ; 0           ; 0          ; 0            ; 0       ; 0         ; 0    ; 0            ; 0          ; |counter1|D_Latch_Fl:inst10|DLatch1:inst1                                               ; DLatch1      ; work         ;
;       |DLatch1:inst|                      ; 2 (2)               ; 0 (0)                     ; 0           ; 0          ; 0            ; 0       ; 0         ; 0    ; 0            ; 0          ; |counter1|D_Latch_Fl:inst10|DLatch1:inst                                                ; DLatch1      ; work         ;
;    |D_Latch_Fl:inst11|                    ; 3 (0)               ; 0 (0)                     ; 0           ; 0          ; 0            ; 0       ; 0         ; 0    ; 0            ; 0          ; |counter1|D_Latch_Fl:inst11                                                             ; D_Latch_Fl   ; work         ;
;       |DLatch1:inst1|                     ; 1 (1)               ; 0 (0)                     ; 0           ; 0          ; 0            ; 0       ; 0         ; 0    ; 0            ; 0          ; |counter1|D_Latch_Fl:inst11|DLatch1:inst1                                               ; DLatch1      ; work         ;
;       |DLatch1:inst|                      ; 2 (2)               ; 0 (0)                     ; 0           ; 0          ; 0            ; 0       ; 0         ; 0    ; 0            ; 0          ; |counter1|D_Latch_Fl:inst11|DLatch1:inst                                                ; DLatch1      ; work         ;
;    |D_Latch_Fl:inst12|                    ; 3 (0)               ; 0 (0)                     ; 0           ; 0          ; 0            ; 0       ; 0         ; 0    ; 0            ; 0          ; |counter1|D_Latch_Fl:inst12                                                             ; D_Latch_Fl   ; work         ;
;       |DLatch1:inst1|                     ; 1 (1)               ; 0 (0)                     ; 0           ; 0          ; 0            ; 0       ; 0         ; 0    ; 0            ; 0          ; |counter1|D_Latch_Fl:inst12|DLatch1:inst1                                               ; DLatch1      ; work         ;
;       |DLatch1:inst|                      ; 2 (2)               ; 0 (0)                     ; 0           ; 0          ; 0            ; 0       ; 0         ; 0    ; 0            ; 0          ; |counter1|D_Latch_Fl:inst12|DLatch1:inst                                                ; DLatch1      ; work         ;
;    |D_Latch_Fl:inst13|                    ; 3 (0)               ; 0 (0)                     ; 0           ; 0          ; 0            ; 0       ; 0         ; 0    ; 0            ; 0          ; |counter1|D_Latch_Fl:inst13                                                             ; D_Latch_Fl   ; work         ;
;       |DLatch1:inst1|                     ; 1 (1)               ; 0 (0)                     ; 0           ; 0          ; 0            ; 0       ; 0         ; 0    ; 0            ; 0          ; |counter1|D_Latch_Fl:inst13|DLatch1:inst1                                               ; DLatch1      ; work         ;
;       |DLatch1:inst|                      ; 2 (2)               ; 0 (0)                     ; 0           ; 0          ; 0            ; 0       ; 0         ; 0    ; 0            ; 0          ; |counter1|D_Latch_Fl:inst13|DLatch1:inst                                                ; DLatch1      ; work         ;
;    |Segment:inst6|                        ; 7 (0)               ; 0 (0)                     ; 0           ; 0          ; 0            ; 0       ; 0         ; 0    ; 0            ; 0          ; |counter1|Segment:inst6                                                                 ; Segment      ; work         ;
;       |five:inst6|                        ; 1 (1)               ; 0 (0)                     ; 0           ; 0          ; 0            ; 0       ; 0         ; 0    ; 0            ; 0          ; |counter1|Segment:inst6|five:inst6                                                      ; five         ; work         ;
;       |four:inst5|                        ; 1 (1)               ; 0 (0)                     ; 0           ; 0          ; 0            ; 0       ; 0         ; 0    ; 0            ; 0          ; |counter1|Segment:inst6|four:inst5                                                      ; four         ; work         ;
;       |one:inst2|                         ; 1 (1)               ; 0 (0)                     ; 0           ; 0          ; 0            ; 0       ; 0         ; 0    ; 0            ; 0          ; |counter1|Segment:inst6|one:inst2                                                       ; one          ; work         ;
;       |six:inst16|                        ; 1 (1)               ; 0 (0)                     ; 0           ; 0          ; 0            ; 0       ; 0         ; 0    ; 0            ; 0          ; |counter1|Segment:inst6|six:inst16                                                      ; six          ; work         ;
;       |three:inst4|                       ; 1 (1)               ; 0 (0)                     ; 0           ; 0          ; 0            ; 0       ; 0         ; 0    ; 0            ; 0          ; |counter1|Segment:inst6|three:inst4                                                     ; three        ; work         ;
;       |two:inst3|                         ; 1 (1)               ; 0 (0)                     ; 0           ; 0          ; 0            ; 0       ; 0         ; 0    ; 0            ; 0          ; |counter1|Segment:inst6|two:inst3                                                       ; two          ; work         ;
;       |zero:inst|                         ; 1 (1)               ; 0 (0)                     ; 0           ; 0          ; 0            ; 0       ; 0         ; 0    ; 0            ; 0          ; |counter1|Segment:inst6|zero:inst                                                       ; zero         ; work         ;
;    |clockDivider:inst14|                  ; 26 (0)              ; 26 (0)                    ; 0           ; 0          ; 0            ; 0       ; 0         ; 0    ; 0            ; 0          ; |counter1|clockDivider:inst14                                                           ; clockDivider ; work         ;
;       |lpm_counter:LPM_COUNTER_component| ; 26 (0)              ; 26 (0)                    ; 0           ; 0          ; 0            ; 0       ; 0         ; 0    ; 0            ; 0          ; |counter1|clockDivider:inst14|lpm_counter:LPM_COUNTER_component                         ; lpm_counter  ; work         ;
;          |cntr_k5h:auto_generated|        ; 26 (26)             ; 26 (26)                   ; 0           ; 0          ; 0            ; 0       ; 0         ; 0    ; 0            ; 0          ; |counter1|clockDivider:inst14|lpm_counter:LPM_COUNTER_component|cntr_k5h:auto_generated ; cntr_k5h     ; work         ;
+-------------------------------------------+---------------------+---------------------------+-------------+------------+--------------+---------+-----------+------+--------------+------------+-----------------------------------------------------------------------------------------+--------------+--------------+
Note: For table entries with two numbers listed, the numbers in parentheses indicate the number of resources of the given type used by the specific entity alone. The numbers listed outside of parentheses indicate the total resources of the given type used by the specific entity and all of its sub-entities in the hierarchy.


+------------------------------------------------------------+
; Logic Cells Representing Combinational Loops               ;
+--------------------------------------------------------+---+
; Logic Cell Name                                        ;   ;
+--------------------------------------------------------+---+
; D_Latch_Fl:inst12|DLatch1:inst1|inst~0                 ;   ;
; D_Latch_Fl:inst10|DLatch1:inst1|inst~0                 ;   ;
; D_Latch_Fl:inst13|DLatch1:inst1|inst~0                 ;   ;
; D_Latch_Fl:inst11|DLatch1:inst1|inst~0                 ;   ;
; D_Latch_Fl:inst12|DLatch1:inst|inst~0                  ;   ;
; D_Latch_Fl:inst10|DLatch1:inst|inst~0                  ;   ;
; D_Latch_Fl:inst13|DLatch1:inst|inst~0                  ;   ;
; D_Latch_Fl:inst11|DLatch1:inst|inst~0                  ;   ;
; Number of logic cells representing combinational loops ; 8 ;
+--------------------------------------------------------+---+
Note: All cells listed above may not be present at the end of synthesis due to various synthesis optimizations.


+------------------------------------------------------+
; General Register Statistics                          ;
+----------------------------------------------+-------+
; Statistic                                    ; Value ;
+----------------------------------------------+-------+
; Total registers                              ; 26    ;
; Number of registers using Synchronous Clear  ; 0     ;
; Number of registers using Synchronous Load   ; 0     ;
; Number of registers using Asynchronous Clear ; 0     ;
; Number of registers using Asynchronous Load  ; 0     ;
; Number of registers using Clock Enable       ; 0     ;
; Number of registers using Preset             ; 0     ;
+----------------------------------------------+-------+


+----------------------------------------------------------------------------------------------------+
; Parameter Settings for User Entity Instance: clockDivider:inst14|lpm_counter:LPM_COUNTER_component ;
+------------------------+-------------+-------------------------------------------------------------+
; Parameter Name         ; Value       ; Type                                                        ;
+------------------------+-------------+-------------------------------------------------------------+
; AUTO_CARRY_CHAINS      ; ON          ; AUTO_CARRY                                                  ;
; IGNORE_CARRY_BUFFERS   ; OFF         ; IGNORE_CARRY                                                ;
; AUTO_CASCADE_CHAINS    ; ON          ; AUTO_CASCADE                                                ;
; IGNORE_CASCADE_BUFFERS ; OFF         ; IGNORE_CASCADE                                              ;
; LPM_WIDTH              ; 26          ; Signed Integer                                              ;
; LPM_DIRECTION          ; UP          ; Untyped                                                     ;
; LPM_MODULUS            ; 0           ; Untyped                                                     ;
; LPM_AVALUE             ; UNUSED      ; Untyped                                                     ;
; LPM_SVALUE             ; UNUSED      ; Untyped                                                     ;
; LPM_PORT_UPDOWN        ; PORT_UNUSED ; Untyped                                                     ;
; DEVICE_FAMILY          ; MAX 10      ; Untyped                                                     ;
; CARRY_CHAIN            ; MANUAL      ; Untyped                                                     ;
; CARRY_CHAIN_LENGTH     ; 48          ; CARRY_CHAIN_LENGTH                                          ;
; NOT_GATE_PUSH_BACK     ; ON          ; NOT_GATE_PUSH_BACK                                          ;
; CARRY_CNT_EN           ; SMART       ; Untyped                                                     ;
; LABWIDE_SCLR           ; ON          ; Untyped                                                     ;
; USE_NEW_VERSION        ; TRUE        ; Untyped                                                     ;
; CBXI_PARAMETER         ; cntr_k5h    ; Untyped                                                     ;
+------------------------+-------------+-------------------------------------------------------------+
Note: In order to hide this table in the UI and the text report file, please set the "Show Parameter Settings in Synthesis Report" option in "Analysis and Synthesis Settings -> More Settings" to "Off".


+-----------------------------------------------------+
; Post-Synthesis Netlist Statistics for Top Partition ;
+-----------------------+-----------------------------+
; Type                  ; Count                       ;
+-----------------------+-----------------------------+
; boundary_port         ; 9                           ;
; cycloneiii_ff         ; 26                          ;
;     plain             ; 26                          ;
; cycloneiii_lcell_comb ; 52                          ;
;     arith             ; 25                          ;
;         2 data inputs ; 25                          ;
;     normal            ; 27                          ;
;         1 data inputs ; 8                           ;
;         3 data inputs ; 5                           ;
;         4 data inputs ; 14                          ;
;                       ;                             ;
; Max LUT depth         ; 3.50                        ;
; Average LUT depth     ; 2.36                        ;
+-----------------------+-----------------------------+


+-------------------------------+
; Elapsed Time Per Partition    ;
+----------------+--------------+
; Partition Name ; Elapsed Time ;
+----------------+--------------+
; Top            ; 00:00:00     ;
+----------------+--------------+


+-------------------------------+
; Analysis & Synthesis Messages ;
+-------------------------------+
Info: *******************************************************************
Info: Running Quartus Prime Analysis & Synthesis
    Info: Version 18.1.1 Build 646 04/11/2019 SJ Lite Edition
    Info: Processing started: Wed Oct 30 14:15:34 2019
Info: Command: quartus_map --read_settings_files=on --write_settings_files=off Counter -c Counter
Warning (18236): Number of processors has not been specified which may cause overloading on shared machines.  Set the global assignment NUM_PARALLEL_PROCESSORS in your QSF to an appropriate value for best performance.
Info (20030): Parallel compilation is enabled and will use 8 of the 8 processors detected
Info (12021): Found 1 design units, including 1 entities, in source file clockDivider.v
    Info (12023): Found entity 1: clockDivider File: /cs/student/ug/2019/huiyxiao/Desktop/Counter/clockDivider.v Line: 40
Info (12021): Found 1 design units, including 1 entities, in source file kmapcounter.bdf
    Info (12023): Found entity 1: kmapcounter
Info (12021): Found 1 design units, including 1 entities, in source file counter1.bdf
    Info (12023): Found entity 1: counter1
Info (12021): Found 1 design units, including 1 entities, in source file DLatch1.bdf
    Info (12023): Found entity 1: DLatch1
Info (12021): Found 1 design units, including 1 entities, in source file D_Latch_Fl.bdf
    Info (12023): Found entity 1: D_Latch_Fl
Info (12021): Found 1 design units, including 1 entities, in source file Clock.bdf
    Info (12023): Found entity 1: Clock
Info (12127): Elaborating entity "counter1" for the top level hierarchy
Warning (12125): Using design file Segment.bdf, which is not specified as a design file for the current project, but contains definitions for 1 design units and 1 entities in project
    Info (12023): Found entity 1: Segment
Info (12128): Elaborating entity "Segment" for hierarchy "Segment:inst6"
Warning (12125): Using design file zero.bdf, which is not specified as a design file for the current project, but contains definitions for 1 design units and 1 entities in project
    Info (12023): Found entity 1: zero
Info (12128): Elaborating entity "zero" for hierarchy "Segment:inst6|zero:inst"
Warning (12125): Using design file one.bdf, which is not specified as a design file for the current project, but contains definitions for 1 design units and 1 entities in project
    Info (12023): Found entity 1: one
Info (12128): Elaborating entity "one" for hierarchy "Segment:inst6|one:inst2"
Warning (12125): Using design file two.bdf, which is not specified as a design file for the current project, but contains definitions for 1 design units and 1 entities in project
    Info (12023): Found entity 1: two
Info (12128): Elaborating entity "two" for hierarchy "Segment:inst6|two:inst3"
Warning (275008): Primitive "NOT" of instance "inst11" not used
Warning (12125): Using design file three.bdf, which is not specified as a design file for the current project, but contains definitions for 1 design units and 1 entities in project
    Info (12023): Found entity 1: three
Info (12128): Elaborating entity "three" for hierarchy "Segment:inst6|three:inst4"
Warning (12125): Using design file four.bdf, which is not specified as a design file for the current project, but contains definitions for 1 design units and 1 entities in project
    Info (12023): Found entity 1: four
Info (12128): Elaborating entity "four" for hierarchy "Segment:inst6|four:inst5"
Warning (12125): Using design file five.bdf, which is not specified as a design file for the current project, but contains definitions for 1 design units and 1 entities in project
    Info (12023): Found entity 1: five
Info (12128): Elaborating entity "five" for hierarchy "Segment:inst6|five:inst6"
Warning (12125): Using design file six.bdf, which is not specified as a design file for the current project, but contains definitions for 1 design units and 1 entities in project
    Info (12023): Found entity 1: six
Info (12128): Elaborating entity "six" for hierarchy "Segment:inst6|six:inst16"
Info (12128): Elaborating entity "D_Latch_Fl" for hierarchy "D_Latch_Fl:inst10"
Info (12128): Elaborating entity "DLatch1" for hierarchy "D_Latch_Fl:inst10|DLatch1:inst1"
Info (12128): Elaborating entity "clockDivider" for hierarchy "clockDivider:inst14"
Info (12128): Elaborating entity "lpm_counter" for hierarchy "clockDivider:inst14|lpm_counter:LPM_COUNTER_component" File: /cs/student/ug/2019/huiyxiao/Desktop/Counter/clockDivider.v Line: 65
Info (12130): Elaborated megafunction instantiation "clockDivider:inst14|lpm_counter:LPM_COUNTER_component" File: /cs/student/ug/2019/huiyxiao/Desktop/Counter/clockDivider.v Line: 65
Info (12133): Instantiated megafunction "clockDivider:inst14|lpm_counter:LPM_COUNTER_component" with the following parameter: File: /cs/student/ug/2019/huiyxiao/Desktop/Counter/clockDivider.v Line: 65
    Info (12134): Parameter "lpm_direction" = "UP"
    Info (12134): Parameter "lpm_port_updown" = "PORT_UNUSED"
    Info (12134): Parameter "lpm_type" = "LPM_COUNTER"
    Info (12134): Parameter "lpm_width" = "26"
Info (12021): Found 1 design units, including 1 entities, in source file db/cntr_k5h.tdf
    Info (12023): Found entity 1: cntr_k5h File: /cs/student/ug/2019/huiyxiao/Desktop/Counter/db/cntr_k5h.tdf Line: 26
Info (12128): Elaborating entity "cntr_k5h" for hierarchy "clockDivider:inst14|lpm_counter:LPM_COUNTER_component|cntr_k5h:auto_generated" File: /usr/local/Quartus/quartus/libraries/megafunctions/lpm_counter.tdf Line: 259
Info (12128): Elaborating entity "kmapcounter" for hierarchy "kmapcounter:inst"
Info (286030): Timing-Driven Synthesis is running
Info (16010): Generating hard_block partition "hard_block:auto_generated_inst"
    Info (16011): Adding 0 node(s), including 0 DDIO, 0 PLL, 0 transceiver and 0 LCELL
Info (21057): Implemented 54 device resources after synthesis - the final resource count might be different
    Info (21058): Implemented 2 input pins
    Info (21059): Implemented 7 output pins
    Info (21061): Implemented 45 logic cells
Info: Quartus Prime Analysis & Synthesis was successful. 0 errors, 10 warnings
    Info: Peak virtual memory: 1102 megabytes
    Info: Processing ended: Wed Oct 30 14:15:46 2019
    Info: Elapsed time: 00:00:12
    Info: Total CPU time (on all processors): 00:00:32


